<?xml version="1.0" encoding="UTF-8"?>
<testng-results skipped="0" failed="0" ignored="0" total="2" passed="2">
  <reporter-output>
  </reporter-output>
  <suite name="Suite" duration-ms="36" started-at="2019-09-28T18:29:42 IST" finished-at="2019-09-28T18:29:42 IST">
    <groups>
    </groups>
    <test name="Test" duration-ms="36" started-at="2019-09-28T18:29:42 IST" finished-at="2019-09-28T18:29:42 IST">
      <class name="com.temp.TempClass">
        <test-method status="PASS" signature="firstMethod()[pri:0, instance:com.temp.TempClass@4cf4d528]" name="firstMethod" duration-ms="1" started-at="2019-09-28T18:29:42 IST" finished-at="2019-09-28T18:29:42 IST">
          <reporter-output>
          </reporter-output>
        </test-method> <!-- firstMethod -->
        <test-method status="PASS" signature="secondMethod()[pri:0, instance:com.temp.TempClass@4cf4d528]" name="secondMethod" duration-ms="1" started-at="2019-09-28T18:29:42 IST" finished-at="2019-09-28T18:29:42 IST">
          <reporter-output>
          </reporter-output>
        </test-method> <!-- secondMethod -->
      </class> <!-- com.temp.TempClass -->
    </test> <!-- Test -->
  </suite> <!-- Suite -->
</testng-results>
